<?xml version="1.0" encoding="UTF-8"?>
<!-- Generated by org.testng.reporters.JUnitXMLReporter -->
<testsuite hostname="SR-C02ZM0XQLVDQ" ignored="0" name="AdPortal RegressionSuite Test" tests="4" failures="2" timestamp="2020-03-24T09:09:01 MDT" time="88.864" errors="0">
  <testcase name="feature" time="43.255" classname="TesSuitetRunner.RegressionTestRunner">
    <failure type="cucumber.runtime.CucumberException" message="org.openqa.selenium.TimeoutException: Expected condition failed: waiting for presence of element located by: By.xpath: /html[1]/body[1]/app-root[1]/div[1]/app-order[1]/div[1]/div[2]/div[1]/div[1]/section[1]/app-goals[1]/app-card-item[1]/div[1]/div[1]/div[2]/div[1]/div[1]/div[1]/app-goals-card[1]/div[2]/button[1] (tried for 30 second(s) with 500 milliseconds interval)">
      <![CDATA[cucumber.runtime.CucumberException: org.openqa.selenium.TimeoutException: Expected condition failed: waiting for presence of element located by: By.xpath: /html[1]/body[1]/app-root[1]/div[1]/app-order[1]/div[1]/div[2]/div[1]/div[1]/section[1]/app-goals[1]/app-card-item[1]/div[1]/div[1]/div[2]/div[1]/div[1]/div[1]/app-goals-card[1]/div[2]/button[1] (tried for 30 second(s) with 500 milliseconds interval)
at cucumber.api.testng.TestNGCucumberRunner.runCucumber(TestNGCucumberRunner.java:69)
at TesSuitetRunner.RegressionTestRunner.feature(RegressionTestRunner.java:39)
at java.util.ArrayList.forEach(ArrayList.java:1257)
Caused by: org.openqa.selenium.TimeoutException: Expected condition failed: waiting for presence of element located by: By.xpath: /html[1]/body[1]/app-root[1]/div[1]/app-order[1]/div[1]/div[2]/div[1]/div[1]/section[1]/app-goals[1]/app-card-item[1]/div[1]/div[1]/div[2]/div[1]/div[1]/div[1]/app-goals-card[1]/div[2]/button[1] (tried for 30 second(s) with 500 milliseconds interval)
at org.openqa.selenium.support.ui.WebDriverWait.timeoutException(WebDriverWait.java:95)
at org.openqa.selenium.support.ui.FluentWait.until(FluentWait.java:272)
at adPortalstepdefinitions.AdPortal_CreateCampaign_001_StepDefinition.start_campaign(AdPortal_CreateCampaign_001_StepDefinition.java:86)
at ✽.Then User should be able to Get started with the campaign(AdPortal_CreateCampaign_001.feature:9)
Caused by: org.openqa.selenium.NoSuchWindowException: no such window: window was already closed
  (Session info: chrome=80.0.3987.149)
Build info: version: '3.141.59', revision: 'e82be7d358', time: '2018-11-14T08:17:03'
System info: host: 'SR-C02ZM0XQLVDQ', ip: 'fe80:0:0:0:cd2:a6b2:62a:7de9%en0', os.name: 'Mac OS X', os.arch: 'x86_64', os.version: '10.14.6', java.version: '1.8.0_192'
Driver info: org.openqa.selenium.chrome.ChromeDriver
Capabilities {acceptInsecureCerts: false, browserName: chrome, browserVersion: 80.0.3987.149, chrome: {chromedriverVersion: 80.0.3987.106 (f68069574609..., userDataDir: /var/folders/4_/d9d08_0n2_q...}, goog:chromeOptions: {debuggerAddress: localhost:51448}, javascriptEnabled: true, networkConnectionEnabled: false, pageLoadStrategy: normal, platform: MAC, platformName: MAC, proxy: Proxy(), setWindowRect: true, strictFileInteractability: false, timeouts: {implicit: 0, pageLoad: 300000, script: 30000}, unhandledPromptBehavior: dismiss and notify}
Session ID: 953504f58696d153b2e8616e67df511e
*** Element info: {Using=xpath, value=/html[1]/body[1]/app-root[1]/div[1]/app-order[1]/div[1]/div[2]/div[1]/div[1]/section[1]/app-goals[1]/app-card-item[1]/div[1]/div[1]/div[2]/div[1]/div[1]/div[1]/app-goals-card[1]/div[2]/button[1]}
at org.openqa.selenium.remote.http.W3CHttpResponseCodec.createException(W3CHttpResponseCodec.java:187)
at org.openqa.selenium.remote.http.W3CHttpResponseCodec.decode(W3CHttpResponseCodec.java:122)
at org.openqa.selenium.remote.http.W3CHttpResponseCodec.decode(W3CHttpResponseCodec.java:49)
at org.openqa.selenium.remote.HttpCommandExecutor.execute(HttpCommandExecutor.java:158)
at org.openqa.selenium.remote.service.DriverCommandExecutor.execute(DriverCommandExecutor.java:83)
at org.openqa.selenium.remote.RemoteWebDriver.execute(RemoteWebDriver.java:552)
at org.openqa.selenium.remote.RemoteWebDriver.findElement(RemoteWebDriver.java:323)
at org.openqa.selenium.remote.RemoteWebDriver.findElementByXPath(RemoteWebDriver.java:428)
at org.openqa.selenium.By$ByXPath.findElement(By.java:353)
at org.openqa.selenium.remote.RemoteWebDriver.findElement(RemoteWebDriver.java:315)
at org.openqa.selenium.support.ui.ExpectedConditions$6.apply(ExpectedConditions.java:182)
at org.openqa.selenium.support.ui.ExpectedConditions$6.apply(ExpectedConditions.java:179)
at org.openqa.selenium.support.ui.FluentWait.until(FluentWait.java:249)
at adPortalstepdefinitions.AdPortal_CreateCampaign_001_StepDefinition.start_campaign(AdPortal_CreateCampaign_001_StepDefinition.java:86)
at cucumber.runtime.Utils$1.call(Utils.java:40)
at cucumber.runtime.Timeout.timeout(Timeout.java:16)
at cucumber.runtime.Utils.invoke(Utils.java:34)
at cucumber.runtime.java.JavaStepDefinition.execute(JavaStepDefinition.java:38)
at cucumber.runtime.StepDefinitionMatch.runStep(StepDefinitionMatch.java:37)
at cucumber.runtime.Runtime.runStep(Runtime.java:300)
at cucumber.runtime.model.StepContainer.runStep(StepContainer.java:44)
at cucumber.runtime.model.StepContainer.runSteps(StepContainer.java:39)
at cucumber.runtime.model.CucumberScenario.run(CucumberScenario.java:44)
at cucumber.runtime.model.CucumberFeature.run(CucumberFeature.java:165)
at cucumber.api.testng.TestNGCucumberRunner.runCucumber(TestNGCucumberRunner.java:63)
at TesSuitetRunner.RegressionTestRunner.feature(RegressionTestRunner.java:39)
at java.util.ArrayList.forEach(ArrayList.java:1257)
... Removed 61 stack frames]]>
    </failure>
  </testcase> <!-- feature -->
  <testcase name="feature" time="10.31" classname="TesSuitetRunner.RegressionTestRunner"/>
  <testcase name="feature" time="10.691" classname="TesSuitetRunner.RegressionTestRunner">
    <failure type="cucumber.runtime.CucumberException" message="java.lang.NullPointerException">
      <![CDATA[cucumber.runtime.CucumberException: java.lang.NullPointerException
at cucumber.api.testng.TestNGCucumberRunner.runCucumber(TestNGCucumberRunner.java:69)
at TesSuitetRunner.RegressionTestRunner.feature(RegressionTestRunner.java:39)
at java.util.ArrayList.forEach(ArrayList.java:1257)
Caused by: java.lang.NullPointerException
at adportalPageObjects.SignUpPage.enter_FirstName(SignUpPage.java:40)
at adPortalstepdefinitions.AdPortal_NewCustomerDashboardView_001_StepDefinition.enter_DataField(AdPortal_NewCustomerDashboardView_001_StepDefinition.java:38)
at ✽.When User enters all required fields(AdPortal_NewCustomerDashboardView_001.feature:8)
... Removed 27 stack frames]]>
    </failure>
  </testcase> <!-- feature -->
  <testcase name="feature" time="24.187" classname="TesSuitetRunner.RegressionTestRunner"/>
</testsuite> <!-- AdPortal RegressionSuite Test -->
